-------------------------------------------------------------------------------
Test set: com.test.BookControllerTest
-------------------------------------------------------------------------------
Tests run: 7, Failures: 0, Errors: 2, Skipped: 0, Time elapsed: 3.703 s <<< FAILURE! - in com.test.BookControllerTest
save_book_OK(com.test.BookControllerTest)  Time elapsed: 0.01 s  <<< ERROR!
java.lang.IllegalStateException: Failed to load ApplicationContext
Caused by: org.springframework.beans.factory.BeanDefinitionStoreException: Failed to process import candidates for configuration class [org.springframework.boot.test.context.ImportsContextCustomizer$ImportsConfiguration]; nested exception is java.io.FileNotFoundException: class path resource [com/test/BookControllerTest.class] cannot be opened because it does not exist
Caused by: java.io.FileNotFoundException: class path resource [com/test/BookControllerTest.class] cannot be opened because it does not exist

patch_bookAuthor_OK(com.test.BookControllerTest)  Time elapsed: 0 s  <<< ERROR!
java.lang.IllegalStateException: Failed to load ApplicationContext
Caused by: org.springframework.beans.factory.BeanDefinitionStoreException: Failed to process import candidates for configuration class [org.springframework.boot.test.context.ImportsContextCustomizer$ImportsConfiguration]; nested exception is java.io.FileNotFoundException: class path resource [com/test/BookControllerTest.class] cannot be opened because it does not exist
Caused by: java.io.FileNotFoundException: class path resource [com/test/BookControllerTest.class] cannot be opened because it does not exist

